Traceback (most recent call last):
  File "/home/fdaout/miniconda3/lib/python3.11/site-packages/jupyter_cache/executors/utils.py", line 58, in single_nb_execution
    executenb(
  File "/home/fdaout/miniconda3/lib/python3.11/site-packages/nbclient/client.py", line 1305, in execute
    return NotebookClient(nb=nb, resources=resources, km=km, **kwargs).execute()
           ^^^^^^^^^^^^^^^^^^^^^^^^^^^^^^^^^^^^^^^^^^^^^^^^^^^^^^^^^^^^^^^^^^^^^
  File "/home/fdaout/miniconda3/lib/python3.11/site-packages/jupyter_core/utils/__init__.py", line 166, in wrapped
    return loop.run_until_complete(inner)
           ^^^^^^^^^^^^^^^^^^^^^^^^^^^^^^
  File "/home/fdaout/miniconda3/lib/python3.11/asyncio/base_events.py", line 653, in run_until_complete
    return future.result()
           ^^^^^^^^^^^^^^^
  File "/home/fdaout/miniconda3/lib/python3.11/site-packages/nbclient/client.py", line 705, in async_execute
    await self.async_execute_cell(
  File "/home/fdaout/miniconda3/lib/python3.11/site-packages/nbclient/client.py", line 1058, in async_execute_cell
    await self._check_raise_for_error(cell, cell_index, exec_reply)
  File "/home/fdaout/miniconda3/lib/python3.11/site-packages/nbclient/client.py", line 914, in _check_raise_for_error
    raise CellExecutionError.from_cell_and_msg(cell, exec_reply_content)
nbclient.exceptions.CellExecutionError: An error occurred while executing the following cell:
------------------
#aircraft offcet
alpha = decalage

#resistive mixer
Vbase = (1.0-alpha)*V150 + alpha*V90

figure(figsize=(6,4)) 
plot(t,Vbase,label="alpha =" + str(alpha))  
xlabel('time (s)')
ylabel('Vbase (V)')
legend()
xlim(0,0.05)
grid()
title("Baseband LOC signal for alpha = "+str(alpha))

show()
------------------


[0;31m---------------------------------------------------------------------------[0m
[0;31mNameError[0m                                 Traceback (most recent call last)
Cell [0;32mIn[3], line 2[0m
[1;32m      1[0m [38;5;66;03m#aircraft offcet[39;00m
[0;32m----> 2[0m alpha [38;5;241m=[39m [43mdecalage[49m
[1;32m      4[0m [38;5;66;03m#resistive mixer[39;00m
[1;32m      5[0m Vbase [38;5;241m=[39m ([38;5;241m1.0[39m[38;5;241m-[39malpha)[38;5;241m*[39mV150 [38;5;241m+[39m alpha[38;5;241m*[39mV90

[0;31mNameError[0m: name 'decalage' is not defined

